ERROR - 2025-01-05 08:11:35 --> mysqli_sql_exception: Duplicate entry 'revakhansaadilla@gmail.com' for key 'email' in D:\ITB\Semester V\tubes tst\system\Database\MySQLi\Connection.php:312
Stack trace:
#0 D:\ITB\Semester V\tubes tst\system\Database\MySQLi\Connection.php(312): mysqli->query('INSERT INTO `us...', 0)
#1 D:\ITB\Semester V\tubes tst\system\Database\BaseConnection.php(734): CodeIgniter\Database\MySQLi\Connection->execute('INSERT INTO `us...')
#2 D:\ITB\Semester V\tubes tst\system\Database\BaseConnection.php(648): CodeIgniter\Database\BaseConnection->simpleQuery('INSERT INTO `us...')
#3 D:\ITB\Semester V\tubes tst\system\Database\BaseBuilder.php(2340): CodeIgniter\Database\BaseConnection->query('INSERT INTO `us...', Array, false)
#4 D:\ITB\Semester V\tubes tst\system\Model.php(394): CodeIgniter\Database\BaseBuilder->insert()
#5 D:\ITB\Semester V\tubes tst\system\BaseModel.php(839): CodeIgniter\Model->doInsert(Array)
#6 D:\ITB\Semester V\tubes tst\system\Model.php(800): CodeIgniter\BaseModel->insert(Array, true)
#7 D:\ITB\Semester V\tubes tst\app\Controllers\Home.php(25): CodeIgniter\Model->insert(Array)
#8 D:\ITB\Semester V\tubes tst\system\CodeIgniter.php(933): App\Controllers\Home->savePreferences()
#9 D:\ITB\Semester V\tubes tst\system\CodeIgniter.php(509): CodeIgniter\CodeIgniter->runController(Object(App\Controllers\Home))
#10 D:\ITB\Semester V\tubes tst\system\CodeIgniter.php(355): CodeIgniter\CodeIgniter->handleRequest(NULL, Object(Config\Cache), false)
#11 D:\ITB\Semester V\tubes tst\system\Boot.php(334): CodeIgniter\CodeIgniter->run()
#12 D:\ITB\Semester V\tubes tst\system\Boot.php(67): CodeIgniter\Boot::runCodeIgniter(Object(CodeIgniter\CodeIgniter))
#13 D:\ITB\Semester V\tubes tst\public\index.php(56): CodeIgniter\Boot::bootWeb(Object(Config\Paths))
#14 D:\ITB\Semester V\tubes tst\system\rewrite.php(44): require_once('D:\\ITB\\Semester...')
#15 {main}
CRITICAL - 2025-01-05 08:11:35 --> CodeIgniter\Database\Exceptions\DatabaseException: Duplicate entry 'revakhansaadilla@gmail.com' for key 'email'
[Method: POST, Route: save-preferences]
in SYSTEMPATH\Database\BaseConnection.php on line 688.
 1 SYSTEMPATH\Database\BaseBuilder.php(2340): CodeIgniter\Database\BaseConnection->query('INSERT INTO `users` (`name`, `email`, `preference`) VALUES (:name:, :email:, :preference:)', [...], false)
 2 SYSTEMPATH\Model.php(394): CodeIgniter\Database\BaseBuilder->insert()
 3 SYSTEMPATH\BaseModel.php(839): CodeIgniter\Model->doInsert([...])
 4 SYSTEMPATH\Model.php(800): CodeIgniter\BaseModel->insert([...], true)
 5 APPPATH\Controllers\Home.php(25): CodeIgniter\Model->insert([...])
 6 SYSTEMPATH\CodeIgniter.php(933): App\Controllers\Home->savePreferences()
 7 SYSTEMPATH\CodeIgniter.php(509): CodeIgniter\CodeIgniter->runController(Object(App\Controllers\Home))
 8 SYSTEMPATH\CodeIgniter.php(355): CodeIgniter\CodeIgniter->handleRequest(null, Object(Config\Cache), false)
 9 SYSTEMPATH\Boot.php(334): CodeIgniter\CodeIgniter->run()
10 SYSTEMPATH\Boot.php(67): CodeIgniter\Boot::runCodeIgniter(Object(CodeIgniter\CodeIgniter))
11 FCPATH\index.php(56): CodeIgniter\Boot::bootWeb(Object(Config\Paths))
12 SYSTEMPATH\rewrite.php(44): require_once('D:\\ITB\\Semester V\\tubes tst\\public\\index.php')
CRITICAL - 2025-01-05 08:11:35 --> [Caused by] CodeIgniter\Database\Exceptions\DatabaseException: Duplicate entry 'revakhansaadilla@gmail.com' for key 'email'
in SYSTEMPATH\Database\MySQLi\Connection.php on line 317.
 1 SYSTEMPATH\Database\BaseConnection.php(734): CodeIgniter\Database\MySQLi\Connection->execute('INSERT INTO `users` (`name`, `email`, `preference`) VALUES (\'Dilla\', \'revakhansaadilla@gmail.com\', \'nature\')')
 2 SYSTEMPATH\Database\BaseConnection.php(648): CodeIgniter\Database\BaseConnection->simpleQuery('INSERT INTO `users` (`name`, `email`, `preference`) VALUES (\'Dilla\', \'revakhansaadilla@gmail.com\', \'nature\')')
 3 SYSTEMPATH\Database\BaseBuilder.php(2340): CodeIgniter\Database\BaseConnection->query('INSERT INTO `users` (`name`, `email`, `preference`) VALUES (:name:, :email:, :preference:)', [...], false)
 4 SYSTEMPATH\Model.php(394): CodeIgniter\Database\BaseBuilder->insert()
 5 SYSTEMPATH\BaseModel.php(839): CodeIgniter\Model->doInsert([...])
 6 SYSTEMPATH\Model.php(800): CodeIgniter\BaseModel->insert([...], true)
 7 APPPATH\Controllers\Home.php(25): CodeIgniter\Model->insert([...])
 8 SYSTEMPATH\CodeIgniter.php(933): App\Controllers\Home->savePreferences()
 9 SYSTEMPATH\CodeIgniter.php(509): CodeIgniter\CodeIgniter->runController(Object(App\Controllers\Home))
10 SYSTEMPATH\CodeIgniter.php(355): CodeIgniter\CodeIgniter->handleRequest(null, Object(Config\Cache), false)
11 SYSTEMPATH\Boot.php(334): CodeIgniter\CodeIgniter->run()
12 SYSTEMPATH\Boot.php(67): CodeIgniter\Boot::runCodeIgniter(Object(CodeIgniter\CodeIgniter))
13 FCPATH\index.php(56): CodeIgniter\Boot::bootWeb(Object(Config\Paths))
14 SYSTEMPATH\rewrite.php(44): require_once('D:\\ITB\\Semester V\\tubes tst\\public\\index.php')
CRITICAL - 2025-01-05 08:11:35 --> [Caused by] mysqli_sql_exception: Duplicate entry 'revakhansaadilla@gmail.com' for key 'email'
in SYSTEMPATH\Database\MySQLi\Connection.php on line 312.
 1 SYSTEMPATH\Database\MySQLi\Connection.php(312): mysqli->query('INSERT INTO `users` (`name`, `email`, `preference`) VALUES (\'Dilla\', \'revakhansaadilla@gmail.com\', \'nature\')', 0)
 2 SYSTEMPATH\Database\BaseConnection.php(734): CodeIgniter\Database\MySQLi\Connection->execute('INSERT INTO `users` (`name`, `email`, `preference`) VALUES (\'Dilla\', \'revakhansaadilla@gmail.com\', \'nature\')')
 3 SYSTEMPATH\Database\BaseConnection.php(648): CodeIgniter\Database\BaseConnection->simpleQuery('INSERT INTO `users` (`name`, `email`, `preference`) VALUES (\'Dilla\', \'revakhansaadilla@gmail.com\', \'nature\')')
 4 SYSTEMPATH\Database\BaseBuilder.php(2340): CodeIgniter\Database\BaseConnection->query('INSERT INTO `users` (`name`, `email`, `preference`) VALUES (:name:, :email:, :preference:)', [...], false)
 5 SYSTEMPATH\Model.php(394): CodeIgniter\Database\BaseBuilder->insert()
 6 SYSTEMPATH\BaseModel.php(839): CodeIgniter\Model->doInsert([...])
 7 SYSTEMPATH\Model.php(800): CodeIgniter\BaseModel->insert([...], true)
 8 APPPATH\Controllers\Home.php(25): CodeIgniter\Model->insert([...])
 9 SYSTEMPATH\CodeIgniter.php(933): App\Controllers\Home->savePreferences()
10 SYSTEMPATH\CodeIgniter.php(509): CodeIgniter\CodeIgniter->runController(Object(App\Controllers\Home))
11 SYSTEMPATH\CodeIgniter.php(355): CodeIgniter\CodeIgniter->handleRequest(null, Object(Config\Cache), false)
12 SYSTEMPATH\Boot.php(334): CodeIgniter\CodeIgniter->run()
13 SYSTEMPATH\Boot.php(67): CodeIgniter\Boot::runCodeIgniter(Object(CodeIgniter\CodeIgniter))
14 FCPATH\index.php(56): CodeIgniter\Boot::bootWeb(Object(Config\Paths))
15 SYSTEMPATH\rewrite.php(44): require_once('D:\\ITB\\Semester V\\tubes tst\\public\\index.php')
ERROR - 2025-01-05 08:11:44 --> mysqli_sql_exception: Duplicate entry 'revakhansaadilla@gmail.com' for key 'email' in D:\ITB\Semester V\tubes tst\system\Database\MySQLi\Connection.php:312
Stack trace:
#0 D:\ITB\Semester V\tubes tst\system\Database\MySQLi\Connection.php(312): mysqli->query('INSERT INTO `us...', 0)
#1 D:\ITB\Semester V\tubes tst\system\Database\BaseConnection.php(734): CodeIgniter\Database\MySQLi\Connection->execute('INSERT INTO `us...')
#2 D:\ITB\Semester V\tubes tst\system\Database\BaseConnection.php(648): CodeIgniter\Database\BaseConnection->simpleQuery('INSERT INTO `us...')
#3 D:\ITB\Semester V\tubes tst\system\Database\BaseBuilder.php(2340): CodeIgniter\Database\BaseConnection->query('INSERT INTO `us...', Array, false)
#4 D:\ITB\Semester V\tubes tst\system\Model.php(394): CodeIgniter\Database\BaseBuilder->insert()
#5 D:\ITB\Semester V\tubes tst\system\BaseModel.php(839): CodeIgniter\Model->doInsert(Array)
#6 D:\ITB\Semester V\tubes tst\system\Model.php(800): CodeIgniter\BaseModel->insert(Array, true)
#7 D:\ITB\Semester V\tubes tst\app\Controllers\Home.php(25): CodeIgniter\Model->insert(Array)
#8 D:\ITB\Semester V\tubes tst\system\CodeIgniter.php(933): App\Controllers\Home->savePreferences()
#9 D:\ITB\Semester V\tubes tst\system\CodeIgniter.php(509): CodeIgniter\CodeIgniter->runController(Object(App\Controllers\Home))
#10 D:\ITB\Semester V\tubes tst\system\CodeIgniter.php(355): CodeIgniter\CodeIgniter->handleRequest(NULL, Object(Config\Cache), false)
#11 D:\ITB\Semester V\tubes tst\system\Boot.php(334): CodeIgniter\CodeIgniter->run()
#12 D:\ITB\Semester V\tubes tst\system\Boot.php(67): CodeIgniter\Boot::runCodeIgniter(Object(CodeIgniter\CodeIgniter))
#13 D:\ITB\Semester V\tubes tst\public\index.php(56): CodeIgniter\Boot::bootWeb(Object(Config\Paths))
#14 D:\ITB\Semester V\tubes tst\system\rewrite.php(44): require_once('D:\\ITB\\Semester...')
#15 {main}
CRITICAL - 2025-01-05 08:11:44 --> CodeIgniter\Database\Exceptions\DatabaseException: Duplicate entry 'revakhansaadilla@gmail.com' for key 'email'
[Method: POST, Route: save-preferences]
in SYSTEMPATH\Database\BaseConnection.php on line 688.
 1 SYSTEMPATH\Database\BaseBuilder.php(2340): CodeIgniter\Database\BaseConnection->query('INSERT INTO `users` (`name`, `email`, `preference`) VALUES (:name:, :email:, :preference:)', [...], false)
 2 SYSTEMPATH\Model.php(394): CodeIgniter\Database\BaseBuilder->insert()
 3 SYSTEMPATH\BaseModel.php(839): CodeIgniter\Model->doInsert([...])
 4 SYSTEMPATH\Model.php(800): CodeIgniter\BaseModel->insert([...], true)
 5 APPPATH\Controllers\Home.php(25): CodeIgniter\Model->insert([...])
 6 SYSTEMPATH\CodeIgniter.php(933): App\Controllers\Home->savePreferences()
 7 SYSTEMPATH\CodeIgniter.php(509): CodeIgniter\CodeIgniter->runController(Object(App\Controllers\Home))
 8 SYSTEMPATH\CodeIgniter.php(355): CodeIgniter\CodeIgniter->handleRequest(null, Object(Config\Cache), false)
 9 SYSTEMPATH\Boot.php(334): CodeIgniter\CodeIgniter->run()
10 SYSTEMPATH\Boot.php(67): CodeIgniter\Boot::runCodeIgniter(Object(CodeIgniter\CodeIgniter))
11 FCPATH\index.php(56): CodeIgniter\Boot::bootWeb(Object(Config\Paths))
12 SYSTEMPATH\rewrite.php(44): require_once('D:\\ITB\\Semester V\\tubes tst\\public\\index.php')
CRITICAL - 2025-01-05 08:11:44 --> [Caused by] CodeIgniter\Database\Exceptions\DatabaseException: Duplicate entry 'revakhansaadilla@gmail.com' for key 'email'
in SYSTEMPATH\Database\MySQLi\Connection.php on line 317.
 1 SYSTEMPATH\Database\BaseConnection.php(734): CodeIgniter\Database\MySQLi\Connection->execute('INSERT INTO `users` (`name`, `email`, `preference`) VALUES (\'Dilla\', \'revakhansaadilla@gmail.com\', \'nature\')')
 2 SYSTEMPATH\Database\BaseConnection.php(648): CodeIgniter\Database\BaseConnection->simpleQuery('INSERT INTO `users` (`name`, `email`, `preference`) VALUES (\'Dilla\', \'revakhansaadilla@gmail.com\', \'nature\')')
 3 SYSTEMPATH\Database\BaseBuilder.php(2340): CodeIgniter\Database\BaseConnection->query('INSERT INTO `users` (`name`, `email`, `preference`) VALUES (:name:, :email:, :preference:)', [...], false)
 4 SYSTEMPATH\Model.php(394): CodeIgniter\Database\BaseBuilder->insert()
 5 SYSTEMPATH\BaseModel.php(839): CodeIgniter\Model->doInsert([...])
 6 SYSTEMPATH\Model.php(800): CodeIgniter\BaseModel->insert([...], true)
 7 APPPATH\Controllers\Home.php(25): CodeIgniter\Model->insert([...])
 8 SYSTEMPATH\CodeIgniter.php(933): App\Controllers\Home->savePreferences()
 9 SYSTEMPATH\CodeIgniter.php(509): CodeIgniter\CodeIgniter->runController(Object(App\Controllers\Home))
10 SYSTEMPATH\CodeIgniter.php(355): CodeIgniter\CodeIgniter->handleRequest(null, Object(Config\Cache), false)
11 SYSTEMPATH\Boot.php(334): CodeIgniter\CodeIgniter->run()
12 SYSTEMPATH\Boot.php(67): CodeIgniter\Boot::runCodeIgniter(Object(CodeIgniter\CodeIgniter))
13 FCPATH\index.php(56): CodeIgniter\Boot::bootWeb(Object(Config\Paths))
14 SYSTEMPATH\rewrite.php(44): require_once('D:\\ITB\\Semester V\\tubes tst\\public\\index.php')
CRITICAL - 2025-01-05 08:11:44 --> [Caused by] mysqli_sql_exception: Duplicate entry 'revakhansaadilla@gmail.com' for key 'email'
in SYSTEMPATH\Database\MySQLi\Connection.php on line 312.
 1 SYSTEMPATH\Database\MySQLi\Connection.php(312): mysqli->query('INSERT INTO `users` (`name`, `email`, `preference`) VALUES (\'Dilla\', \'revakhansaadilla@gmail.com\', \'nature\')', 0)
 2 SYSTEMPATH\Database\BaseConnection.php(734): CodeIgniter\Database\MySQLi\Connection->execute('INSERT INTO `users` (`name`, `email`, `preference`) VALUES (\'Dilla\', \'revakhansaadilla@gmail.com\', \'nature\')')
 3 SYSTEMPATH\Database\BaseConnection.php(648): CodeIgniter\Database\BaseConnection->simpleQuery('INSERT INTO `users` (`name`, `email`, `preference`) VALUES (\'Dilla\', \'revakhansaadilla@gmail.com\', \'nature\')')
 4 SYSTEMPATH\Database\BaseBuilder.php(2340): CodeIgniter\Database\BaseConnection->query('INSERT INTO `users` (`name`, `email`, `preference`) VALUES (:name:, :email:, :preference:)', [...], false)
 5 SYSTEMPATH\Model.php(394): CodeIgniter\Database\BaseBuilder->insert()
 6 SYSTEMPATH\BaseModel.php(839): CodeIgniter\Model->doInsert([...])
 7 SYSTEMPATH\Model.php(800): CodeIgniter\BaseModel->insert([...], true)
 8 APPPATH\Controllers\Home.php(25): CodeIgniter\Model->insert([...])
 9 SYSTEMPATH\CodeIgniter.php(933): App\Controllers\Home->savePreferences()
10 SYSTEMPATH\CodeIgniter.php(509): CodeIgniter\CodeIgniter->runController(Object(App\Controllers\Home))
11 SYSTEMPATH\CodeIgniter.php(355): CodeIgniter\CodeIgniter->handleRequest(null, Object(Config\Cache), false)
12 SYSTEMPATH\Boot.php(334): CodeIgniter\CodeIgniter->run()
13 SYSTEMPATH\Boot.php(67): CodeIgniter\Boot::runCodeIgniter(Object(CodeIgniter\CodeIgniter))
14 FCPATH\index.php(56): CodeIgniter\Boot::bootWeb(Object(Config\Paths))
15 SYSTEMPATH\rewrite.php(44): require_once('D:\\ITB\\Semester V\\tubes tst\\public\\index.php')
ERROR - 2025-01-05 08:11:56 --> mysqli_sql_exception: Duplicate entry 'revakhansaadilla@gmail.com' for key 'email' in D:\ITB\Semester V\tubes tst\system\Database\MySQLi\Connection.php:312
Stack trace:
#0 D:\ITB\Semester V\tubes tst\system\Database\MySQLi\Connection.php(312): mysqli->query('INSERT INTO `us...', 0)
#1 D:\ITB\Semester V\tubes tst\system\Database\BaseConnection.php(734): CodeIgniter\Database\MySQLi\Connection->execute('INSERT INTO `us...')
#2 D:\ITB\Semester V\tubes tst\system\Database\BaseConnection.php(648): CodeIgniter\Database\BaseConnection->simpleQuery('INSERT INTO `us...')
#3 D:\ITB\Semester V\tubes tst\system\Database\BaseBuilder.php(2340): CodeIgniter\Database\BaseConnection->query('INSERT INTO `us...', Array, false)
#4 D:\ITB\Semester V\tubes tst\system\Model.php(394): CodeIgniter\Database\BaseBuilder->insert()
#5 D:\ITB\Semester V\tubes tst\system\BaseModel.php(839): CodeIgniter\Model->doInsert(Array)
#6 D:\ITB\Semester V\tubes tst\system\Model.php(800): CodeIgniter\BaseModel->insert(Array, true)
#7 D:\ITB\Semester V\tubes tst\app\Controllers\Home.php(25): CodeIgniter\Model->insert(Array)
#8 D:\ITB\Semester V\tubes tst\system\CodeIgniter.php(933): App\Controllers\Home->savePreferences()
#9 D:\ITB\Semester V\tubes tst\system\CodeIgniter.php(509): CodeIgniter\CodeIgniter->runController(Object(App\Controllers\Home))
#10 D:\ITB\Semester V\tubes tst\system\CodeIgniter.php(355): CodeIgniter\CodeIgniter->handleRequest(NULL, Object(Config\Cache), false)
#11 D:\ITB\Semester V\tubes tst\system\Boot.php(334): CodeIgniter\CodeIgniter->run()
#12 D:\ITB\Semester V\tubes tst\system\Boot.php(67): CodeIgniter\Boot::runCodeIgniter(Object(CodeIgniter\CodeIgniter))
#13 D:\ITB\Semester V\tubes tst\public\index.php(56): CodeIgniter\Boot::bootWeb(Object(Config\Paths))
#14 D:\ITB\Semester V\tubes tst\system\rewrite.php(44): require_once('D:\\ITB\\Semester...')
#15 {main}
CRITICAL - 2025-01-05 08:11:56 --> CodeIgniter\Database\Exceptions\DatabaseException: Duplicate entry 'revakhansaadilla@gmail.com' for key 'email'
[Method: POST, Route: save-preferences]
in SYSTEMPATH\Database\BaseConnection.php on line 688.
 1 SYSTEMPATH\Database\BaseBuilder.php(2340): CodeIgniter\Database\BaseConnection->query('INSERT INTO `users` (`name`, `email`, `preference`) VALUES (:name:, :email:, :preference:)', [...], false)
 2 SYSTEMPATH\Model.php(394): CodeIgniter\Database\BaseBuilder->insert()
 3 SYSTEMPATH\BaseModel.php(839): CodeIgniter\Model->doInsert([...])
 4 SYSTEMPATH\Model.php(800): CodeIgniter\BaseModel->insert([...], true)
 5 APPPATH\Controllers\Home.php(25): CodeIgniter\Model->insert([...])
 6 SYSTEMPATH\CodeIgniter.php(933): App\Controllers\Home->savePreferences()
 7 SYSTEMPATH\CodeIgniter.php(509): CodeIgniter\CodeIgniter->runController(Object(App\Controllers\Home))
 8 SYSTEMPATH\CodeIgniter.php(355): CodeIgniter\CodeIgniter->handleRequest(null, Object(Config\Cache), false)
 9 SYSTEMPATH\Boot.php(334): CodeIgniter\CodeIgniter->run()
10 SYSTEMPATH\Boot.php(67): CodeIgniter\Boot::runCodeIgniter(Object(CodeIgniter\CodeIgniter))
11 FCPATH\index.php(56): CodeIgniter\Boot::bootWeb(Object(Config\Paths))
12 SYSTEMPATH\rewrite.php(44): require_once('D:\\ITB\\Semester V\\tubes tst\\public\\index.php')
CRITICAL - 2025-01-05 08:11:56 --> [Caused by] CodeIgniter\Database\Exceptions\DatabaseException: Duplicate entry 'revakhansaadilla@gmail.com' for key 'email'
in SYSTEMPATH\Database\MySQLi\Connection.php on line 317.
 1 SYSTEMPATH\Database\BaseConnection.php(734): CodeIgniter\Database\MySQLi\Connection->execute('INSERT INTO `users` (`name`, `email`, `preference`) VALUES (\'Dilla\', \'revakhansaadilla@gmail.com\', \'nature\')')
 2 SYSTEMPATH\Database\BaseConnection.php(648): CodeIgniter\Database\BaseConnection->simpleQuery('INSERT INTO `users` (`name`, `email`, `preference`) VALUES (\'Dilla\', \'revakhansaadilla@gmail.com\', \'nature\')')
 3 SYSTEMPATH\Database\BaseBuilder.php(2340): CodeIgniter\Database\BaseConnection->query('INSERT INTO `users` (`name`, `email`, `preference`) VALUES (:name:, :email:, :preference:)', [...], false)
 4 SYSTEMPATH\Model.php(394): CodeIgniter\Database\BaseBuilder->insert()
 5 SYSTEMPATH\BaseModel.php(839): CodeIgniter\Model->doInsert([...])
 6 SYSTEMPATH\Model.php(800): CodeIgniter\BaseModel->insert([...], true)
 7 APPPATH\Controllers\Home.php(25): CodeIgniter\Model->insert([...])
 8 SYSTEMPATH\CodeIgniter.php(933): App\Controllers\Home->savePreferences()
 9 SYSTEMPATH\CodeIgniter.php(509): CodeIgniter\CodeIgniter->runController(Object(App\Controllers\Home))
10 SYSTEMPATH\CodeIgniter.php(355): CodeIgniter\CodeIgniter->handleRequest(null, Object(Config\Cache), false)
11 SYSTEMPATH\Boot.php(334): CodeIgniter\CodeIgniter->run()
12 SYSTEMPATH\Boot.php(67): CodeIgniter\Boot::runCodeIgniter(Object(CodeIgniter\CodeIgniter))
13 FCPATH\index.php(56): CodeIgniter\Boot::bootWeb(Object(Config\Paths))
14 SYSTEMPATH\rewrite.php(44): require_once('D:\\ITB\\Semester V\\tubes tst\\public\\index.php')
CRITICAL - 2025-01-05 08:11:56 --> [Caused by] mysqli_sql_exception: Duplicate entry 'revakhansaadilla@gmail.com' for key 'email'
in SYSTEMPATH\Database\MySQLi\Connection.php on line 312.
 1 SYSTEMPATH\Database\MySQLi\Connection.php(312): mysqli->query('INSERT INTO `users` (`name`, `email`, `preference`) VALUES (\'Dilla\', \'revakhansaadilla@gmail.com\', \'nature\')', 0)
 2 SYSTEMPATH\Database\BaseConnection.php(734): CodeIgniter\Database\MySQLi\Connection->execute('INSERT INTO `users` (`name`, `email`, `preference`) VALUES (\'Dilla\', \'revakhansaadilla@gmail.com\', \'nature\')')
 3 SYSTEMPATH\Database\BaseConnection.php(648): CodeIgniter\Database\BaseConnection->simpleQuery('INSERT INTO `users` (`name`, `email`, `preference`) VALUES (\'Dilla\', \'revakhansaadilla@gmail.com\', \'nature\')')
 4 SYSTEMPATH\Database\BaseBuilder.php(2340): CodeIgniter\Database\BaseConnection->query('INSERT INTO `users` (`name`, `email`, `preference`) VALUES (:name:, :email:, :preference:)', [...], false)
 5 SYSTEMPATH\Model.php(394): CodeIgniter\Database\BaseBuilder->insert()
 6 SYSTEMPATH\BaseModel.php(839): CodeIgniter\Model->doInsert([...])
 7 SYSTEMPATH\Model.php(800): CodeIgniter\BaseModel->insert([...], true)
 8 APPPATH\Controllers\Home.php(25): CodeIgniter\Model->insert([...])
 9 SYSTEMPATH\CodeIgniter.php(933): App\Controllers\Home->savePreferences()
10 SYSTEMPATH\CodeIgniter.php(509): CodeIgniter\CodeIgniter->runController(Object(App\Controllers\Home))
11 SYSTEMPATH\CodeIgniter.php(355): CodeIgniter\CodeIgniter->handleRequest(null, Object(Config\Cache), false)
12 SYSTEMPATH\Boot.php(334): CodeIgniter\CodeIgniter->run()
13 SYSTEMPATH\Boot.php(67): CodeIgniter\Boot::runCodeIgniter(Object(CodeIgniter\CodeIgniter))
14 FCPATH\index.php(56): CodeIgniter\Boot::bootWeb(Object(Config\Paths))
15 SYSTEMPATH\rewrite.php(44): require_once('D:\\ITB\\Semester V\\tubes tst\\public\\index.php')
